<?xml version="1.0" encoding="UTF-8"?>
<testsuite xmlns:xsi="http://www.w3.org/2001/XMLSchema-instance" xsi:noNamespaceSchemaLocation="https://maven.apache.org/surefire/maven-surefire-plugin/xsd/surefire-test-report.xsd" name="com.hermann90.studentMS.StudentMsApplicationTests" time="26.039" tests="1" errors="0" skipped="0" failures="0">
  <properties>
    <property name="sun.desktop" value="gnome"/>
    <property name="awt.toolkit" value="sun.awt.X11.XToolkit"/>
    <property name="file.encoding.pkg" value="sun.io"/>
    <property name="java.specification.version" value="1.8"/>
    <property name="sun.cpu.isalist" value=""/>
    <property name="sun.jnu.encoding" value="UTF-8"/>
    <property name="java.class.path" value="/home/cedriq/privateDev/spring boot projects/student-MS/target/test-classes:/home/cedriq/privateDev/spring boot projects/student-MS/target/classes:/home/cedriq/hermann90Dev/maven/repository/org/springframework/boot/spring-boot-starter-data-jpa/2.4.3/spring-boot-starter-data-jpa-2.4.3.jar:/home/cedriq/hermann90Dev/maven/repository/org/springframework/boot/spring-boot-starter-aop/2.4.3/spring-boot-starter-aop-2.4.3.jar:/home/cedriq/hermann90Dev/maven/repository/org/springframework/spring-aop/5.3.4/spring-aop-5.3.4.jar:/home/cedriq/hermann90Dev/maven/repository/org/aspectj/aspectjweaver/1.9.6/aspectjweaver-1.9.6.jar:/home/cedriq/hermann90Dev/maven/repository/org/springframework/boot/spring-boot-starter-jdbc/2.4.3/spring-boot-starter-jdbc-2.4.3.jar:/home/cedriq/hermann90Dev/maven/repository/com/zaxxer/HikariCP/3.4.5/HikariCP-3.4.5.jar:/home/cedriq/hermann90Dev/maven/repository/org/springframework/spring-jdbc/5.3.4/spring-jdbc-5.3.4.jar:/home/cedriq/hermann90Dev/maven/repository/jakarta/transaction/jakarta.transaction-api/1.3.3/jakarta.transaction-api-1.3.3.jar:/home/cedriq/hermann90Dev/maven/repository/jakarta/persistence/jakarta.persistence-api/2.2.3/jakarta.persistence-api-2.2.3.jar:/home/cedriq/hermann90Dev/maven/repository/org/hibernate/hibernate-core/5.4.28.Final/hibernate-core-5.4.28.Final.jar:/home/cedriq/hermann90Dev/maven/repository/org/jboss/logging/jboss-logging/3.4.1.Final/jboss-logging-3.4.1.Final.jar:/home/cedriq/hermann90Dev/maven/repository/org/javassist/javassist/3.27.0-GA/javassist-3.27.0-GA.jar:/home/cedriq/hermann90Dev/maven/repository/net/bytebuddy/byte-buddy/1.10.20/byte-buddy-1.10.20.jar:/home/cedriq/hermann90Dev/maven/repository/antlr/antlr/2.7.7/antlr-2.7.7.jar:/home/cedriq/hermann90Dev/maven/repository/org/jboss/jandex/2.2.3.Final/jandex-2.2.3.Final.jar:/home/cedriq/hermann90Dev/maven/repository/org/dom4j/dom4j/2.1.3/dom4j-2.1.3.jar:/home/cedriq/hermann90Dev/maven/repository/org/hibernate/common/hibernate-commons-annotations/5.1.2.Final/hibernate-commons-annotations-5.1.2.Final.jar:/home/cedriq/hermann90Dev/maven/repository/org/glassfish/jaxb/jaxb-runtime/2.3.3/jaxb-runtime-2.3.3.jar:/home/cedriq/hermann90Dev/maven/repository/org/glassfish/jaxb/txw2/2.3.3/txw2-2.3.3.jar:/home/cedriq/hermann90Dev/maven/repository/com/sun/istack/istack-commons-runtime/3.0.11/istack-commons-runtime-3.0.11.jar:/home/cedriq/hermann90Dev/maven/repository/org/springframework/data/spring-data-jpa/2.4.5/spring-data-jpa-2.4.5.jar:/home/cedriq/hermann90Dev/maven/repository/org/springframework/data/spring-data-commons/2.4.5/spring-data-commons-2.4.5.jar:/home/cedriq/hermann90Dev/maven/repository/org/springframework/spring-orm/5.3.4/spring-orm-5.3.4.jar:/home/cedriq/hermann90Dev/maven/repository/org/springframework/spring-context/5.3.4/spring-context-5.3.4.jar:/home/cedriq/hermann90Dev/maven/repository/org/springframework/spring-expression/5.3.4/spring-expression-5.3.4.jar:/home/cedriq/hermann90Dev/maven/repository/org/springframework/spring-tx/5.3.4/spring-tx-5.3.4.jar:/home/cedriq/hermann90Dev/maven/repository/org/springframework/spring-beans/5.3.4/spring-beans-5.3.4.jar:/home/cedriq/hermann90Dev/maven/repository/org/springframework/spring-aspects/5.3.4/spring-aspects-5.3.4.jar:/home/cedriq/hermann90Dev/maven/repository/org/springframework/boot/spring-boot-starter-data-rest/2.4.3/spring-boot-starter-data-rest-2.4.3.jar:/home/cedriq/hermann90Dev/maven/repository/org/springframework/boot/spring-boot-starter-web/2.4.3/spring-boot-starter-web-2.4.3.jar:/home/cedriq/hermann90Dev/maven/repository/org/springframework/boot/spring-boot-starter-json/2.4.3/spring-boot-starter-json-2.4.3.jar:/home/cedriq/hermann90Dev/maven/repository/com/fasterxml/jackson/datatype/jackson-datatype-jdk8/2.11.4/jackson-datatype-jdk8-2.11.4.jar:/home/cedriq/hermann90Dev/maven/repository/com/fasterxml/jackson/datatype/jackson-datatype-jsr310/2.11.4/jackson-datatype-jsr310-2.11.4.jar:/home/cedriq/hermann90Dev/maven/repository/com/fasterxml/jackson/module/jackson-module-parameter-names/2.11.4/jackson-module-parameter-names-2.11.4.jar:/home/cedriq/hermann90Dev/maven/repository/org/springframework/boot/spring-boot-starter-tomcat/2.4.3/spring-boot-starter-tomcat-2.4.3.jar:/home/cedriq/hermann90Dev/maven/repository/org/apache/tomcat/embed/tomcat-embed-core/9.0.43/tomcat-embed-core-9.0.43.jar:/home/cedriq/hermann90Dev/maven/repository/org/glassfish/jakarta.el/3.0.3/jakarta.el-3.0.3.jar:/home/cedriq/hermann90Dev/maven/repository/org/apache/tomcat/embed/tomcat-embed-websocket/9.0.43/tomcat-embed-websocket-9.0.43.jar:/home/cedriq/hermann90Dev/maven/repository/org/springframework/spring-web/5.3.4/spring-web-5.3.4.jar:/home/cedriq/hermann90Dev/maven/repository/org/springframework/spring-webmvc/5.3.4/spring-webmvc-5.3.4.jar:/home/cedriq/hermann90Dev/maven/repository/org/springframework/data/spring-data-rest-webmvc/3.4.5/spring-data-rest-webmvc-3.4.5.jar:/home/cedriq/hermann90Dev/maven/repository/org/springframework/data/spring-data-rest-core/3.4.5/spring-data-rest-core-3.4.5.jar:/home/cedriq/hermann90Dev/maven/repository/org/springframework/hateoas/spring-hateoas/1.2.4/spring-hateoas-1.2.4.jar:/home/cedriq/hermann90Dev/maven/repository/org/atteo/evo-inflector/1.2.2/evo-inflector-1.2.2.jar:/home/cedriq/hermann90Dev/maven/repository/com/fasterxml/jackson/core/jackson-databind/2.11.4/jackson-databind-2.11.4.jar:/home/cedriq/hermann90Dev/maven/repository/com/fasterxml/jackson/core/jackson-core/2.11.4/jackson-core-2.11.4.jar:/home/cedriq/hermann90Dev/maven/repository/com/fasterxml/jackson/core/jackson-annotations/2.11.4/jackson-annotations-2.11.4.jar:/home/cedriq/hermann90Dev/maven/repository/org/springframework/boot/spring-boot-starter-web-services/2.4.3/spring-boot-starter-web-services-2.4.3.jar:/home/cedriq/hermann90Dev/maven/repository/com/sun/xml/messaging/saaj/saaj-impl/1.5.2/saaj-impl-1.5.2.jar:/home/cedriq/hermann90Dev/maven/repository/jakarta/xml/soap/jakarta.xml.soap-api/1.4.2/jakarta.xml.soap-api-1.4.2.jar:/home/cedriq/hermann90Dev/maven/repository/org/jvnet/staxex/stax-ex/1.8.3/stax-ex-1.8.3.jar:/home/cedriq/hermann90Dev/maven/repository/com/sun/activation/jakarta.activation/1.2.2/jakarta.activation-1.2.2.jar:/home/cedriq/hermann90Dev/maven/repository/jakarta/xml/ws/jakarta.xml.ws-api/2.3.3/jakarta.xml.ws-api-2.3.3.jar:/home/cedriq/hermann90Dev/maven/repository/jakarta/jws/jakarta.jws-api/2.1.0/jakarta.jws-api-2.1.0.jar:/home/cedriq/hermann90Dev/maven/repository/org/springframework/spring-oxm/5.3.4/spring-oxm-5.3.4.jar:/home/cedriq/hermann90Dev/maven/repository/org/springframework/ws/spring-ws-core/3.0.10.RELEASE/spring-ws-core-3.0.10.RELEASE.jar:/home/cedriq/hermann90Dev/maven/repository/org/springframework/ws/spring-xml/3.0.10.RELEASE/spring-xml-3.0.10.RELEASE.jar:/home/cedriq/hermann90Dev/maven/repository/org/springframework/boot/spring-boot-devtools/2.4.3/spring-boot-devtools-2.4.3.jar:/home/cedriq/hermann90Dev/maven/repository/org/springframework/boot/spring-boot/2.4.3/spring-boot-2.4.3.jar:/home/cedriq/hermann90Dev/maven/repository/org/springframework/boot/spring-boot-autoconfigure/2.4.3/spring-boot-autoconfigure-2.4.3.jar:/home/cedriq/hermann90Dev/maven/repository/mysql/mysql-connector-java/8.0.23/mysql-connector-java-8.0.23.jar:/home/cedriq/hermann90Dev/maven/repository/org/projectlombok/lombok/1.18.18/lombok-1.18.18.jar:/home/cedriq/hermann90Dev/maven/repository/org/springframework/boot/spring-boot-starter-test/2.4.3/spring-boot-starter-test-2.4.3.jar:/home/cedriq/hermann90Dev/maven/repository/org/springframework/boot/spring-boot-starter/2.4.3/spring-boot-starter-2.4.3.jar:/home/cedriq/hermann90Dev/maven/repository/org/springframework/boot/spring-boot-starter-logging/2.4.3/spring-boot-starter-logging-2.4.3.jar:/home/cedriq/hermann90Dev/maven/repository/ch/qos/logback/logback-classic/1.2.3/logback-classic-1.2.3.jar:/home/cedriq/hermann90Dev/maven/repository/ch/qos/logback/logback-core/1.2.3/logback-core-1.2.3.jar:/home/cedriq/hermann90Dev/maven/repository/org/apache/logging/log4j/log4j-to-slf4j/2.13.3/log4j-to-slf4j-2.13.3.jar:/home/cedriq/hermann90Dev/maven/repository/org/apache/logging/log4j/log4j-api/2.13.3/log4j-api-2.13.3.jar:/home/cedriq/hermann90Dev/maven/repository/org/slf4j/jul-to-slf4j/1.7.30/jul-to-slf4j-1.7.30.jar:/home/cedriq/hermann90Dev/maven/repository/jakarta/annotation/jakarta.annotation-api/1.3.5/jakarta.annotation-api-1.3.5.jar:/home/cedriq/hermann90Dev/maven/repository/org/yaml/snakeyaml/1.27/snakeyaml-1.27.jar:/home/cedriq/hermann90Dev/maven/repository/org/springframework/boot/spring-boot-test/2.4.3/spring-boot-test-2.4.3.jar:/home/cedriq/hermann90Dev/maven/repository/org/springframework/boot/spring-boot-test-autoconfigure/2.4.3/spring-boot-test-autoconfigure-2.4.3.jar:/home/cedriq/hermann90Dev/maven/repository/com/jayway/jsonpath/json-path/2.4.0/json-path-2.4.0.jar:/home/cedriq/hermann90Dev/maven/repository/net/minidev/json-smart/2.3/json-smart-2.3.jar:/home/cedriq/hermann90Dev/maven/repository/net/minidev/accessors-smart/1.2/accessors-smart-1.2.jar:/home/cedriq/hermann90Dev/maven/repository/org/ow2/asm/asm/5.0.4/asm-5.0.4.jar:/home/cedriq/hermann90Dev/maven/repository/jakarta/xml/bind/jakarta.xml.bind-api/2.3.3/jakarta.xml.bind-api-2.3.3.jar:/home/cedriq/hermann90Dev/maven/repository/jakarta/activation/jakarta.activation-api/1.2.2/jakarta.activation-api-1.2.2.jar:/home/cedriq/hermann90Dev/maven/repository/org/assertj/assertj-core/3.18.1/assertj-core-3.18.1.jar:/home/cedriq/hermann90Dev/maven/repository/org/hamcrest/hamcrest/2.2/hamcrest-2.2.jar:/home/cedriq/hermann90Dev/maven/repository/org/junit/jupiter/junit-jupiter/5.7.1/junit-jupiter-5.7.1.jar:/home/cedriq/hermann90Dev/maven/repository/org/junit/jupiter/junit-jupiter-api/5.7.1/junit-jupiter-api-5.7.1.jar:/home/cedriq/hermann90Dev/maven/repository/org/apiguardian/apiguardian-api/1.1.0/apiguardian-api-1.1.0.jar:/home/cedriq/hermann90Dev/maven/repository/org/opentest4j/opentest4j/1.2.0/opentest4j-1.2.0.jar:/home/cedriq/hermann90Dev/maven/repository/org/junit/platform/junit-platform-commons/1.7.1/junit-platform-commons-1.7.1.jar:/home/cedriq/hermann90Dev/maven/repository/org/junit/jupiter/junit-jupiter-params/5.7.1/junit-jupiter-params-5.7.1.jar:/home/cedriq/hermann90Dev/maven/repository/org/junit/jupiter/junit-jupiter-engine/5.7.1/junit-jupiter-engine-5.7.1.jar:/home/cedriq/hermann90Dev/maven/repository/org/junit/platform/junit-platform-engine/1.7.1/junit-platform-engine-1.7.1.jar:/home/cedriq/hermann90Dev/maven/repository/org/mockito/mockito-core/3.6.28/mockito-core-3.6.28.jar:/home/cedriq/hermann90Dev/maven/repository/net/bytebuddy/byte-buddy-agent/1.10.20/byte-buddy-agent-1.10.20.jar:/home/cedriq/hermann90Dev/maven/repository/org/objenesis/objenesis/3.1/objenesis-3.1.jar:/home/cedriq/hermann90Dev/maven/repository/org/mockito/mockito-junit-jupiter/3.6.28/mockito-junit-jupiter-3.6.28.jar:/home/cedriq/hermann90Dev/maven/repository/org/skyscreamer/jsonassert/1.5.0/jsonassert-1.5.0.jar:/home/cedriq/hermann90Dev/maven/repository/com/vaadin/external/google/android-json/0.0.20131108.vaadin1/android-json-0.0.20131108.vaadin1.jar:/home/cedriq/hermann90Dev/maven/repository/org/springframework/spring-core/5.3.4/spring-core-5.3.4.jar:/home/cedriq/hermann90Dev/maven/repository/org/springframework/spring-jcl/5.3.4/spring-jcl-5.3.4.jar:/home/cedriq/hermann90Dev/maven/repository/org/springframework/spring-test/5.3.4/spring-test-5.3.4.jar:/home/cedriq/hermann90Dev/maven/repository/org/xmlunit/xmlunit-core/2.7.0/xmlunit-core-2.7.0.jar:/home/cedriq/hermann90Dev/maven/repository/io/springfox/springfox-boot-starter/3.0.0/springfox-boot-starter-3.0.0.jar:/home/cedriq/hermann90Dev/maven/repository/io/springfox/springfox-oas/3.0.0/springfox-oas-3.0.0.jar:/home/cedriq/hermann90Dev/maven/repository/io/swagger/core/v3/swagger-annotations/2.1.2/swagger-annotations-2.1.2.jar:/home/cedriq/hermann90Dev/maven/repository/io/swagger/core/v3/swagger-models/2.1.2/swagger-models-2.1.2.jar:/home/cedriq/hermann90Dev/maven/repository/io/springfox/springfox-spi/3.0.0/springfox-spi-3.0.0.jar:/home/cedriq/hermann90Dev/maven/repository/io/springfox/springfox-schema/3.0.0/springfox-schema-3.0.0.jar:/home/cedriq/hermann90Dev/maven/repository/io/springfox/springfox-core/3.0.0/springfox-core-3.0.0.jar:/home/cedriq/hermann90Dev/maven/repository/io/springfox/springfox-spring-web/3.0.0/springfox-spring-web-3.0.0.jar:/home/cedriq/hermann90Dev/maven/repository/io/github/classgraph/classgraph/4.8.83/classgraph-4.8.83.jar:/home/cedriq/hermann90Dev/maven/repository/io/springfox/springfox-spring-webmvc/3.0.0/springfox-spring-webmvc-3.0.0.jar:/home/cedriq/hermann90Dev/maven/repository/io/springfox/springfox-spring-webflux/3.0.0/springfox-spring-webflux-3.0.0.jar:/home/cedriq/hermann90Dev/maven/repository/io/springfox/springfox-swagger-common/3.0.0/springfox-swagger-common-3.0.0.jar:/home/cedriq/hermann90Dev/maven/repository/org/mapstruct/mapstruct/1.3.1.Final/mapstruct-1.3.1.Final.jar:/home/cedriq/hermann90Dev/maven/repository/io/springfox/springfox-data-rest/3.0.0/springfox-data-rest-3.0.0.jar:/home/cedriq/hermann90Dev/maven/repository/io/springfox/springfox-bean-validators/3.0.0/springfox-bean-validators-3.0.0.jar:/home/cedriq/hermann90Dev/maven/repository/io/springfox/springfox-swagger2/3.0.0/springfox-swagger2-3.0.0.jar:/home/cedriq/hermann90Dev/maven/repository/io/swagger/swagger-annotations/1.5.20/swagger-annotations-1.5.20.jar:/home/cedriq/hermann90Dev/maven/repository/io/swagger/swagger-models/1.5.20/swagger-models-1.5.20.jar:/home/cedriq/hermann90Dev/maven/repository/io/springfox/springfox-swagger-ui/3.0.0/springfox-swagger-ui-3.0.0.jar:/home/cedriq/hermann90Dev/maven/repository/com/fasterxml/classmate/1.5.1/classmate-1.5.1.jar:/home/cedriq/hermann90Dev/maven/repository/org/slf4j/slf4j-api/1.7.30/slf4j-api-1.7.30.jar:/home/cedriq/hermann90Dev/maven/repository/org/springframework/plugin/spring-plugin-core/2.0.0.RELEASE/spring-plugin-core-2.0.0.RELEASE.jar:/home/cedriq/hermann90Dev/maven/repository/org/springframework/plugin/spring-plugin-metadata/2.0.0.RELEASE/spring-plugin-metadata-2.0.0.RELEASE.jar:"/>
    <property name="java.vm.vendor" value="Private Build"/>
    <property name="sun.arch.data.model" value="64"/>
    <property name="java.vendor.url" value="http://java.oracle.com/"/>
    <property name="user.timezone" value=""/>
    <property name="java.vm.specification.version" value="1.8"/>
    <property name="os.name" value="Linux"/>
    <property name="sun.java.launcher" value="SUN_STANDARD"/>
    <property name="user.country" value="FR"/>
    <property name="sun.boot.library.path" value="/usr/lib/jvm/java-8-openjdk-amd64/jre/lib/amd64"/>
    <property name="sun.java.command" value="/home/cedriq/privateDev/spring boot projects/student-MS/target/surefire/surefirebooter1262349678720889781.jar /home/cedriq/privateDev/spring boot projects/student-MS/target/surefire 2021-03-24T20-10-30_528-jvmRun1 surefire6484921747711799643tmp surefire_07850434955952025019tmp"/>
    <property name="surefire.test.class.path" value="/home/cedriq/privateDev/spring boot projects/student-MS/target/test-classes:/home/cedriq/privateDev/spring boot projects/student-MS/target/classes:/home/cedriq/hermann90Dev/maven/repository/org/springframework/boot/spring-boot-starter-data-jpa/2.4.3/spring-boot-starter-data-jpa-2.4.3.jar:/home/cedriq/hermann90Dev/maven/repository/org/springframework/boot/spring-boot-starter-aop/2.4.3/spring-boot-starter-aop-2.4.3.jar:/home/cedriq/hermann90Dev/maven/repository/org/springframework/spring-aop/5.3.4/spring-aop-5.3.4.jar:/home/cedriq/hermann90Dev/maven/repository/org/aspectj/aspectjweaver/1.9.6/aspectjweaver-1.9.6.jar:/home/cedriq/hermann90Dev/maven/repository/org/springframework/boot/spring-boot-starter-jdbc/2.4.3/spring-boot-starter-jdbc-2.4.3.jar:/home/cedriq/hermann90Dev/maven/repository/com/zaxxer/HikariCP/3.4.5/HikariCP-3.4.5.jar:/home/cedriq/hermann90Dev/maven/repository/org/springframework/spring-jdbc/5.3.4/spring-jdbc-5.3.4.jar:/home/cedriq/hermann90Dev/maven/repository/jakarta/transaction/jakarta.transaction-api/1.3.3/jakarta.transaction-api-1.3.3.jar:/home/cedriq/hermann90Dev/maven/repository/jakarta/persistence/jakarta.persistence-api/2.2.3/jakarta.persistence-api-2.2.3.jar:/home/cedriq/hermann90Dev/maven/repository/org/hibernate/hibernate-core/5.4.28.Final/hibernate-core-5.4.28.Final.jar:/home/cedriq/hermann90Dev/maven/repository/org/jboss/logging/jboss-logging/3.4.1.Final/jboss-logging-3.4.1.Final.jar:/home/cedriq/hermann90Dev/maven/repository/org/javassist/javassist/3.27.0-GA/javassist-3.27.0-GA.jar:/home/cedriq/hermann90Dev/maven/repository/net/bytebuddy/byte-buddy/1.10.20/byte-buddy-1.10.20.jar:/home/cedriq/hermann90Dev/maven/repository/antlr/antlr/2.7.7/antlr-2.7.7.jar:/home/cedriq/hermann90Dev/maven/repository/org/jboss/jandex/2.2.3.Final/jandex-2.2.3.Final.jar:/home/cedriq/hermann90Dev/maven/repository/org/dom4j/dom4j/2.1.3/dom4j-2.1.3.jar:/home/cedriq/hermann90Dev/maven/repository/org/hibernate/common/hibernate-commons-annotations/5.1.2.Final/hibernate-commons-annotations-5.1.2.Final.jar:/home/cedriq/hermann90Dev/maven/repository/org/glassfish/jaxb/jaxb-runtime/2.3.3/jaxb-runtime-2.3.3.jar:/home/cedriq/hermann90Dev/maven/repository/org/glassfish/jaxb/txw2/2.3.3/txw2-2.3.3.jar:/home/cedriq/hermann90Dev/maven/repository/com/sun/istack/istack-commons-runtime/3.0.11/istack-commons-runtime-3.0.11.jar:/home/cedriq/hermann90Dev/maven/repository/org/springframework/data/spring-data-jpa/2.4.5/spring-data-jpa-2.4.5.jar:/home/cedriq/hermann90Dev/maven/repository/org/springframework/data/spring-data-commons/2.4.5/spring-data-commons-2.4.5.jar:/home/cedriq/hermann90Dev/maven/repository/org/springframework/spring-orm/5.3.4/spring-orm-5.3.4.jar:/home/cedriq/hermann90Dev/maven/repository/org/springframework/spring-context/5.3.4/spring-context-5.3.4.jar:/home/cedriq/hermann90Dev/maven/repository/org/springframework/spring-expression/5.3.4/spring-expression-5.3.4.jar:/home/cedriq/hermann90Dev/maven/repository/org/springframework/spring-tx/5.3.4/spring-tx-5.3.4.jar:/home/cedriq/hermann90Dev/maven/repository/org/springframework/spring-beans/5.3.4/spring-beans-5.3.4.jar:/home/cedriq/hermann90Dev/maven/repository/org/springframework/spring-aspects/5.3.4/spring-aspects-5.3.4.jar:/home/cedriq/hermann90Dev/maven/repository/org/springframework/boot/spring-boot-starter-data-rest/2.4.3/spring-boot-starter-data-rest-2.4.3.jar:/home/cedriq/hermann90Dev/maven/repository/org/springframework/boot/spring-boot-starter-web/2.4.3/spring-boot-starter-web-2.4.3.jar:/home/cedriq/hermann90Dev/maven/repository/org/springframework/boot/spring-boot-starter-json/2.4.3/spring-boot-starter-json-2.4.3.jar:/home/cedriq/hermann90Dev/maven/repository/com/fasterxml/jackson/datatype/jackson-datatype-jdk8/2.11.4/jackson-datatype-jdk8-2.11.4.jar:/home/cedriq/hermann90Dev/maven/repository/com/fasterxml/jackson/datatype/jackson-datatype-jsr310/2.11.4/jackson-datatype-jsr310-2.11.4.jar:/home/cedriq/hermann90Dev/maven/repository/com/fasterxml/jackson/module/jackson-module-parameter-names/2.11.4/jackson-module-parameter-names-2.11.4.jar:/home/cedriq/hermann90Dev/maven/repository/org/springframework/boot/spring-boot-starter-tomcat/2.4.3/spring-boot-starter-tomcat-2.4.3.jar:/home/cedriq/hermann90Dev/maven/repository/org/apache/tomcat/embed/tomcat-embed-core/9.0.43/tomcat-embed-core-9.0.43.jar:/home/cedriq/hermann90Dev/maven/repository/org/glassfish/jakarta.el/3.0.3/jakarta.el-3.0.3.jar:/home/cedriq/hermann90Dev/maven/repository/org/apache/tomcat/embed/tomcat-embed-websocket/9.0.43/tomcat-embed-websocket-9.0.43.jar:/home/cedriq/hermann90Dev/maven/repository/org/springframework/spring-web/5.3.4/spring-web-5.3.4.jar:/home/cedriq/hermann90Dev/maven/repository/org/springframework/spring-webmvc/5.3.4/spring-webmvc-5.3.4.jar:/home/cedriq/hermann90Dev/maven/repository/org/springframework/data/spring-data-rest-webmvc/3.4.5/spring-data-rest-webmvc-3.4.5.jar:/home/cedriq/hermann90Dev/maven/repository/org/springframework/data/spring-data-rest-core/3.4.5/spring-data-rest-core-3.4.5.jar:/home/cedriq/hermann90Dev/maven/repository/org/springframework/hateoas/spring-hateoas/1.2.4/spring-hateoas-1.2.4.jar:/home/cedriq/hermann90Dev/maven/repository/org/atteo/evo-inflector/1.2.2/evo-inflector-1.2.2.jar:/home/cedriq/hermann90Dev/maven/repository/com/fasterxml/jackson/core/jackson-databind/2.11.4/jackson-databind-2.11.4.jar:/home/cedriq/hermann90Dev/maven/repository/com/fasterxml/jackson/core/jackson-core/2.11.4/jackson-core-2.11.4.jar:/home/cedriq/hermann90Dev/maven/repository/com/fasterxml/jackson/core/jackson-annotations/2.11.4/jackson-annotations-2.11.4.jar:/home/cedriq/hermann90Dev/maven/repository/org/springframework/boot/spring-boot-starter-web-services/2.4.3/spring-boot-starter-web-services-2.4.3.jar:/home/cedriq/hermann90Dev/maven/repository/com/sun/xml/messaging/saaj/saaj-impl/1.5.2/saaj-impl-1.5.2.jar:/home/cedriq/hermann90Dev/maven/repository/jakarta/xml/soap/jakarta.xml.soap-api/1.4.2/jakarta.xml.soap-api-1.4.2.jar:/home/cedriq/hermann90Dev/maven/repository/org/jvnet/staxex/stax-ex/1.8.3/stax-ex-1.8.3.jar:/home/cedriq/hermann90Dev/maven/repository/com/sun/activation/jakarta.activation/1.2.2/jakarta.activation-1.2.2.jar:/home/cedriq/hermann90Dev/maven/repository/jakarta/xml/ws/jakarta.xml.ws-api/2.3.3/jakarta.xml.ws-api-2.3.3.jar:/home/cedriq/hermann90Dev/maven/repository/jakarta/jws/jakarta.jws-api/2.1.0/jakarta.jws-api-2.1.0.jar:/home/cedriq/hermann90Dev/maven/repository/org/springframework/spring-oxm/5.3.4/spring-oxm-5.3.4.jar:/home/cedriq/hermann90Dev/maven/repository/org/springframework/ws/spring-ws-core/3.0.10.RELEASE/spring-ws-core-3.0.10.RELEASE.jar:/home/cedriq/hermann90Dev/maven/repository/org/springframework/ws/spring-xml/3.0.10.RELEASE/spring-xml-3.0.10.RELEASE.jar:/home/cedriq/hermann90Dev/maven/repository/org/springframework/boot/spring-boot-devtools/2.4.3/spring-boot-devtools-2.4.3.jar:/home/cedriq/hermann90Dev/maven/repository/org/springframework/boot/spring-boot/2.4.3/spring-boot-2.4.3.jar:/home/cedriq/hermann90Dev/maven/repository/org/springframework/boot/spring-boot-autoconfigure/2.4.3/spring-boot-autoconfigure-2.4.3.jar:/home/cedriq/hermann90Dev/maven/repository/mysql/mysql-connector-java/8.0.23/mysql-connector-java-8.0.23.jar:/home/cedriq/hermann90Dev/maven/repository/org/projectlombok/lombok/1.18.18/lombok-1.18.18.jar:/home/cedriq/hermann90Dev/maven/repository/org/springframework/boot/spring-boot-starter-test/2.4.3/spring-boot-starter-test-2.4.3.jar:/home/cedriq/hermann90Dev/maven/repository/org/springframework/boot/spring-boot-starter/2.4.3/spring-boot-starter-2.4.3.jar:/home/cedriq/hermann90Dev/maven/repository/org/springframework/boot/spring-boot-starter-logging/2.4.3/spring-boot-starter-logging-2.4.3.jar:/home/cedriq/hermann90Dev/maven/repository/ch/qos/logback/logback-classic/1.2.3/logback-classic-1.2.3.jar:/home/cedriq/hermann90Dev/maven/repository/ch/qos/logback/logback-core/1.2.3/logback-core-1.2.3.jar:/home/cedriq/hermann90Dev/maven/repository/org/apache/logging/log4j/log4j-to-slf4j/2.13.3/log4j-to-slf4j-2.13.3.jar:/home/cedriq/hermann90Dev/maven/repository/org/apache/logging/log4j/log4j-api/2.13.3/log4j-api-2.13.3.jar:/home/cedriq/hermann90Dev/maven/repository/org/slf4j/jul-to-slf4j/1.7.30/jul-to-slf4j-1.7.30.jar:/home/cedriq/hermann90Dev/maven/repository/jakarta/annotation/jakarta.annotation-api/1.3.5/jakarta.annotation-api-1.3.5.jar:/home/cedriq/hermann90Dev/maven/repository/org/yaml/snakeyaml/1.27/snakeyaml-1.27.jar:/home/cedriq/hermann90Dev/maven/repository/org/springframework/boot/spring-boot-test/2.4.3/spring-boot-test-2.4.3.jar:/home/cedriq/hermann90Dev/maven/repository/org/springframework/boot/spring-boot-test-autoconfigure/2.4.3/spring-boot-test-autoconfigure-2.4.3.jar:/home/cedriq/hermann90Dev/maven/repository/com/jayway/jsonpath/json-path/2.4.0/json-path-2.4.0.jar:/home/cedriq/hermann90Dev/maven/repository/net/minidev/json-smart/2.3/json-smart-2.3.jar:/home/cedriq/hermann90Dev/maven/repository/net/minidev/accessors-smart/1.2/accessors-smart-1.2.jar:/home/cedriq/hermann90Dev/maven/repository/org/ow2/asm/asm/5.0.4/asm-5.0.4.jar:/home/cedriq/hermann90Dev/maven/repository/jakarta/xml/bind/jakarta.xml.bind-api/2.3.3/jakarta.xml.bind-api-2.3.3.jar:/home/cedriq/hermann90Dev/maven/repository/jakarta/activation/jakarta.activation-api/1.2.2/jakarta.activation-api-1.2.2.jar:/home/cedriq/hermann90Dev/maven/repository/org/assertj/assertj-core/3.18.1/assertj-core-3.18.1.jar:/home/cedriq/hermann90Dev/maven/repository/org/hamcrest/hamcrest/2.2/hamcrest-2.2.jar:/home/cedriq/hermann90Dev/maven/repository/org/junit/jupiter/junit-jupiter/5.7.1/junit-jupiter-5.7.1.jar:/home/cedriq/hermann90Dev/maven/repository/org/junit/jupiter/junit-jupiter-api/5.7.1/junit-jupiter-api-5.7.1.jar:/home/cedriq/hermann90Dev/maven/repository/org/apiguardian/apiguardian-api/1.1.0/apiguardian-api-1.1.0.jar:/home/cedriq/hermann90Dev/maven/repository/org/opentest4j/opentest4j/1.2.0/opentest4j-1.2.0.jar:/home/cedriq/hermann90Dev/maven/repository/org/junit/platform/junit-platform-commons/1.7.1/junit-platform-commons-1.7.1.jar:/home/cedriq/hermann90Dev/maven/repository/org/junit/jupiter/junit-jupiter-params/5.7.1/junit-jupiter-params-5.7.1.jar:/home/cedriq/hermann90Dev/maven/repository/org/junit/jupiter/junit-jupiter-engine/5.7.1/junit-jupiter-engine-5.7.1.jar:/home/cedriq/hermann90Dev/maven/repository/org/junit/platform/junit-platform-engine/1.7.1/junit-platform-engine-1.7.1.jar:/home/cedriq/hermann90Dev/maven/repository/org/mockito/mockito-core/3.6.28/mockito-core-3.6.28.jar:/home/cedriq/hermann90Dev/maven/repository/net/bytebuddy/byte-buddy-agent/1.10.20/byte-buddy-agent-1.10.20.jar:/home/cedriq/hermann90Dev/maven/repository/org/objenesis/objenesis/3.1/objenesis-3.1.jar:/home/cedriq/hermann90Dev/maven/repository/org/mockito/mockito-junit-jupiter/3.6.28/mockito-junit-jupiter-3.6.28.jar:/home/cedriq/hermann90Dev/maven/repository/org/skyscreamer/jsonassert/1.5.0/jsonassert-1.5.0.jar:/home/cedriq/hermann90Dev/maven/repository/com/vaadin/external/google/android-json/0.0.20131108.vaadin1/android-json-0.0.20131108.vaadin1.jar:/home/cedriq/hermann90Dev/maven/repository/org/springframework/spring-core/5.3.4/spring-core-5.3.4.jar:/home/cedriq/hermann90Dev/maven/repository/org/springframework/spring-jcl/5.3.4/spring-jcl-5.3.4.jar:/home/cedriq/hermann90Dev/maven/repository/org/springframework/spring-test/5.3.4/spring-test-5.3.4.jar:/home/cedriq/hermann90Dev/maven/repository/org/xmlunit/xmlunit-core/2.7.0/xmlunit-core-2.7.0.jar:/home/cedriq/hermann90Dev/maven/repository/io/springfox/springfox-boot-starter/3.0.0/springfox-boot-starter-3.0.0.jar:/home/cedriq/hermann90Dev/maven/repository/io/springfox/springfox-oas/3.0.0/springfox-oas-3.0.0.jar:/home/cedriq/hermann90Dev/maven/repository/io/swagger/core/v3/swagger-annotations/2.1.2/swagger-annotations-2.1.2.jar:/home/cedriq/hermann90Dev/maven/repository/io/swagger/core/v3/swagger-models/2.1.2/swagger-models-2.1.2.jar:/home/cedriq/hermann90Dev/maven/repository/io/springfox/springfox-spi/3.0.0/springfox-spi-3.0.0.jar:/home/cedriq/hermann90Dev/maven/repository/io/springfox/springfox-schema/3.0.0/springfox-schema-3.0.0.jar:/home/cedriq/hermann90Dev/maven/repository/io/springfox/springfox-core/3.0.0/springfox-core-3.0.0.jar:/home/cedriq/hermann90Dev/maven/repository/io/springfox/springfox-spring-web/3.0.0/springfox-spring-web-3.0.0.jar:/home/cedriq/hermann90Dev/maven/repository/io/github/classgraph/classgraph/4.8.83/classgraph-4.8.83.jar:/home/cedriq/hermann90Dev/maven/repository/io/springfox/springfox-spring-webmvc/3.0.0/springfox-spring-webmvc-3.0.0.jar:/home/cedriq/hermann90Dev/maven/repository/io/springfox/springfox-spring-webflux/3.0.0/springfox-spring-webflux-3.0.0.jar:/home/cedriq/hermann90Dev/maven/repository/io/springfox/springfox-swagger-common/3.0.0/springfox-swagger-common-3.0.0.jar:/home/cedriq/hermann90Dev/maven/repository/org/mapstruct/mapstruct/1.3.1.Final/mapstruct-1.3.1.Final.jar:/home/cedriq/hermann90Dev/maven/repository/io/springfox/springfox-data-rest/3.0.0/springfox-data-rest-3.0.0.jar:/home/cedriq/hermann90Dev/maven/repository/io/springfox/springfox-bean-validators/3.0.0/springfox-bean-validators-3.0.0.jar:/home/cedriq/hermann90Dev/maven/repository/io/springfox/springfox-swagger2/3.0.0/springfox-swagger2-3.0.0.jar:/home/cedriq/hermann90Dev/maven/repository/io/swagger/swagger-annotations/1.5.20/swagger-annotations-1.5.20.jar:/home/cedriq/hermann90Dev/maven/repository/io/swagger/swagger-models/1.5.20/swagger-models-1.5.20.jar:/home/cedriq/hermann90Dev/maven/repository/io/springfox/springfox-swagger-ui/3.0.0/springfox-swagger-ui-3.0.0.jar:/home/cedriq/hermann90Dev/maven/repository/com/fasterxml/classmate/1.5.1/classmate-1.5.1.jar:/home/cedriq/hermann90Dev/maven/repository/org/slf4j/slf4j-api/1.7.30/slf4j-api-1.7.30.jar:/home/cedriq/hermann90Dev/maven/repository/org/springframework/plugin/spring-plugin-core/2.0.0.RELEASE/spring-plugin-core-2.0.0.RELEASE.jar:/home/cedriq/hermann90Dev/maven/repository/org/springframework/plugin/spring-plugin-metadata/2.0.0.RELEASE/spring-plugin-metadata-2.0.0.RELEASE.jar:"/>
    <property name="sun.cpu.endian" value="little"/>
    <property name="user.home" value="/home/cedriq"/>
    <property name="user.language" value="fr"/>
    <property name="java.specification.vendor" value="Oracle Corporation"/>
    <property name="java.home" value="/usr/lib/jvm/java-8-openjdk-amd64/jre"/>
    <property name="basedir" value="/home/cedriq/privateDev/spring boot projects/student-MS"/>
    <property name="file.separator" value="/"/>
    <property name="line.separator" value="&#10;"/>
    <property name="java.vm.specification.vendor" value="Oracle Corporation"/>
    <property name="java.specification.name" value="Java Platform API Specification"/>
    <property name="java.awt.graphicsenv" value="sun.awt.X11GraphicsEnvironment"/>
    <property name="surefire.real.class.path" value="/home/cedriq/privateDev/spring boot projects/student-MS/target/surefire/surefirebooter1262349678720889781.jar"/>
    <property name="sun.boot.class.path" value="/usr/lib/jvm/java-8-openjdk-amd64/jre/lib/resources.jar:/usr/lib/jvm/java-8-openjdk-amd64/jre/lib/rt.jar:/usr/lib/jvm/java-8-openjdk-amd64/jre/lib/sunrsasign.jar:/usr/lib/jvm/java-8-openjdk-amd64/jre/lib/jsse.jar:/usr/lib/jvm/java-8-openjdk-amd64/jre/lib/jce.jar:/usr/lib/jvm/java-8-openjdk-amd64/jre/lib/charsets.jar:/usr/lib/jvm/java-8-openjdk-amd64/jre/lib/jfr.jar:/usr/lib/jvm/java-8-openjdk-amd64/jre/classes"/>
    <property name="sun.management.compiler" value="HotSpot 64-Bit Tiered Compilers"/>
    <property name="java.runtime.version" value="1.8.0_282-8u282-b08-0ubuntu1~16.04-b08"/>
    <property name="user.name" value="cedriq"/>
    <property name="path.separator" value=":"/>
    <property name="os.version" value="4.15.0-137-generic"/>
    <property name="java.endorsed.dirs" value="/usr/lib/jvm/java-8-openjdk-amd64/jre/lib/endorsed"/>
    <property name="java.runtime.name" value="OpenJDK Runtime Environment"/>
    <property name="file.encoding" value="UTF-8"/>
    <property name="java.vm.name" value="OpenJDK 64-Bit Server VM"/>
    <property name="maven.ext.class.path" value="/snap/netbeans/45/netbeans/java/maven-nblib/netbeans-eventspy.jar"/>
    <property name="localRepository" value="/home/cedriq/hermann90Dev/maven/repository"/>
    <property name="java.vendor.url.bug" value="http://bugreport.sun.com/bugreport/"/>
    <property name="java.io.tmpdir" value="/tmp"/>
    <property name="java.version" value="1.8.0_282"/>
    <property name="user.dir" value="/home/cedriq/privateDev/spring boot projects/student-MS"/>
    <property name="os.arch" value="amd64"/>
    <property name="java.vm.specification.name" value="Java Virtual Machine Specification"/>
    <property name="java.awt.printerjob" value="sun.print.PSPrinterJob"/>
    <property name="sun.os.patch.level" value="unknown"/>
    <property name="java.library.path" value="/usr/java/packages/lib/amd64:/usr/lib/x86_64-linux-gnu/jni:/lib/x86_64-linux-gnu:/usr/lib/x86_64-linux-gnu:/usr/lib/jni:/lib:/usr/lib"/>
    <property name="java.vm.info" value="mixed mode"/>
    <property name="java.vendor" value="Private Build"/>
    <property name="java.vm.version" value="25.282-b08"/>
    <property name="java.ext.dirs" value="/usr/lib/jvm/java-8-openjdk-amd64/jre/lib/ext:/usr/java/packages/lib/ext"/>
    <property name="sun.io.unicode.encoding" value="UnicodeLittle"/>
    <property name="java.class.version" value="52.0"/>
  </properties>
  <testcase name="contextLoads" classname="com.hermann90.studentMS.StudentMsApplicationTests" time="0.526"/>
</testsuite>